mode: set
github.com/hhong0326/goPostgresqlDocker.git/util/config.go:20.57,30.16 6 0
github.com/hhong0326/goPostgresqlDocker.git/util/config.go:34.2,35.8 2 0
github.com/hhong0326/goPostgresqlDocker.git/util/config.go:30.16,32.3 1 0
github.com/hhong0326/goPostgresqlDocker.git/util/currency.go:11.48,13.18 1 0
github.com/hhong0326/goPostgresqlDocker.git/util/currency.go:17.2,17.14 1 0
github.com/hhong0326/goPostgresqlDocker.git/util/currency.go:14.21,15.14 1 0
github.com/hhong0326/goPostgresqlDocker.git/util/password.go:10.52,13.16 2 1
github.com/hhong0326/goPostgresqlDocker.git/util/password.go:17.2,17.30 1 1
github.com/hhong0326/goPostgresqlDocker.git/util/password.go:13.16,15.3 1 0
github.com/hhong0326/goPostgresqlDocker.git/util/password.go:21.59,24.2 1 1
github.com/hhong0326/goPostgresqlDocker.git/util/random.go:12.13,14.2 1 1
github.com/hhong0326/goPostgresqlDocker.git/util/random.go:17.38,19.2 1 0
github.com/hhong0326/goPostgresqlDocker.git/util/random.go:22.33,26.25 3 1
github.com/hhong0326/goPostgresqlDocker.git/util/random.go:31.2,31.20 1 1
github.com/hhong0326/goPostgresqlDocker.git/util/random.go:26.25,29.3 2 1
github.com/hhong0326/goPostgresqlDocker.git/util/random.go:35.27,37.2 1 0
github.com/hhong0326/goPostgresqlDocker.git/util/random.go:40.26,42.2 1 0
github.com/hhong0326/goPostgresqlDocker.git/util/random.go:45.30,49.2 3 0
github.com/hhong0326/goPostgresqlDocker.git/util/random.go:52.27,55.2 1 0
github.com/hhong0326/goPostgresqlDocker.git/token/paseto_maker.go:18.57,20.51 1 1
github.com/hhong0326/goPostgresqlDocker.git/token/paseto_maker.go:24.2,29.19 2 1
github.com/hhong0326/goPostgresqlDocker.git/token/paseto_maker.go:20.51,22.3 1 0
github.com/hhong0326/goPostgresqlDocker.git/token/paseto_maker.go:33.96,35.16 2 1
github.com/hhong0326/goPostgresqlDocker.git/token/paseto_maker.go:39.2,39.63 1 1
github.com/hhong0326/goPostgresqlDocker.git/token/paseto_maker.go:35.16,37.3 1 0
github.com/hhong0326/goPostgresqlDocker.git/token/paseto_maker.go:43.71,47.16 3 1
github.com/hhong0326/goPostgresqlDocker.git/token/paseto_maker.go:51.2,52.16 2 1
github.com/hhong0326/goPostgresqlDocker.git/token/paseto_maker.go:56.2,56.21 1 1
github.com/hhong0326/goPostgresqlDocker.git/token/paseto_maker.go:47.16,49.3 1 0
github.com/hhong0326/goPostgresqlDocker.git/token/paseto_maker.go:52.16,54.3 1 1
github.com/hhong0326/goPostgresqlDocker.git/token/payload.go:25.76,28.16 2 1
github.com/hhong0326/goPostgresqlDocker.git/token/payload.go:32.2,39.21 2 1
github.com/hhong0326/goPostgresqlDocker.git/token/payload.go:28.16,30.3 1 0
github.com/hhong0326/goPostgresqlDocker.git/token/payload.go:43.39,44.41 1 1
github.com/hhong0326/goPostgresqlDocker.git/token/payload.go:48.2,48.12 1 1
github.com/hhong0326/goPostgresqlDocker.git/token/payload.go:44.41,46.3 1 1
github.com/hhong0326/goPostgresqlDocker.git/token/jwt_maker.go:19.51,20.39 1 1
github.com/hhong0326/goPostgresqlDocker.git/token/jwt_maker.go:24.2,24.34 1 1
github.com/hhong0326/goPostgresqlDocker.git/token/jwt_maker.go:20.39,22.3 1 0
github.com/hhong0326/goPostgresqlDocker.git/token/jwt_maker.go:28.93,30.16 2 1
github.com/hhong0326/goPostgresqlDocker.git/token/jwt_maker.go:34.2,36.16 3 1
github.com/hhong0326/goPostgresqlDocker.git/token/jwt_maker.go:39.2,39.28 1 1
github.com/hhong0326/goPostgresqlDocker.git/token/jwt_maker.go:30.16,32.3 1 0
github.com/hhong0326/goPostgresqlDocker.git/token/jwt_maker.go:36.16,38.3 1 0
github.com/hhong0326/goPostgresqlDocker.git/token/jwt_maker.go:43.68,44.57 1 1
github.com/hhong0326/goPostgresqlDocker.git/token/jwt_maker.go:52.2,53.16 2 1
github.com/hhong0326/goPostgresqlDocker.git/token/jwt_maker.go:61.2,62.9 2 1
github.com/hhong0326/goPostgresqlDocker.git/token/jwt_maker.go:66.2,66.21 1 1
github.com/hhong0326/goPostgresqlDocker.git/token/jwt_maker.go:44.57,46.10 2 1
github.com/hhong0326/goPostgresqlDocker.git/token/jwt_maker.go:49.3,49.38 1 1
github.com/hhong0326/goPostgresqlDocker.git/token/jwt_maker.go:46.10,48.4 1 1
github.com/hhong0326/goPostgresqlDocker.git/token/jwt_maker.go:53.16,55.51 2 1
github.com/hhong0326/goPostgresqlDocker.git/token/jwt_maker.go:58.3,58.30 1 1
github.com/hhong0326/goPostgresqlDocker.git/token/jwt_maker.go:55.51,57.4 1 1
github.com/hhong0326/goPostgresqlDocker.git/token/jwt_maker.go:62.9,64.3 1 0
github.com/hhong0326/goPostgresqlDocker.git/api/validator.go:8.78,10.65 1 0
github.com/hhong0326/goPostgresqlDocker.git/api/validator.go:15.2,15.14 1 0
github.com/hhong0326/goPostgresqlDocker.git/api/validator.go:10.65,13.3 1 0
github.com/hhong0326/goPostgresqlDocker.git/api/account.go:17.55,21.49 2 0
github.com/hhong0326/goPostgresqlDocker.git/api/account.go:27.2,34.16 3 0
github.com/hhong0326/goPostgresqlDocker.git/api/account.go:46.2,46.34 1 0
github.com/hhong0326/goPostgresqlDocker.git/api/account.go:21.49,24.3 2 0
github.com/hhong0326/goPostgresqlDocker.git/api/account.go:34.16,35.39 1 0
github.com/hhong0326/goPostgresqlDocker.git/api/account.go:42.3,43.9 2 0
github.com/hhong0326/goPostgresqlDocker.git/api/account.go:35.39,36.29 1 0
github.com/hhong0326/goPostgresqlDocker.git/api/account.go:37.53,39.11 2 0
github.com/hhong0326/goPostgresqlDocker.git/api/account.go:53.52,57.48 2 1
github.com/hhong0326/goPostgresqlDocker.git/api/account.go:62.2,63.16 2 1
github.com/hhong0326/goPostgresqlDocker.git/api/account.go:75.2,75.34 1 1
github.com/hhong0326/goPostgresqlDocker.git/api/account.go:57.48,60.3 2 1
github.com/hhong0326/goPostgresqlDocker.git/api/account.go:63.16,64.27 1 1
github.com/hhong0326/goPostgresqlDocker.git/api/account.go:68.3,69.9 2 1
github.com/hhong0326/goPostgresqlDocker.git/api/account.go:64.27,67.4 2 1
github.com/hhong0326/goPostgresqlDocker.git/api/account.go:83.53,87.50 2 0
github.com/hhong0326/goPostgresqlDocker.git/api/account.go:92.2,98.16 3 0
github.com/hhong0326/goPostgresqlDocker.git/api/account.go:103.2,103.35 1 0
github.com/hhong0326/goPostgresqlDocker.git/api/account.go:87.50,90.3 2 0
github.com/hhong0326/goPostgresqlDocker.git/api/account.go:98.16,101.3 2 0
github.com/hhong0326/goPostgresqlDocker.git/api/account.go:111.55,114.49 2 0
github.com/hhong0326/goPostgresqlDocker.git/api/account.go:119.2,125.16 3 0
github.com/hhong0326/goPostgresqlDocker.git/api/account.go:130.2,130.34 1 0
github.com/hhong0326/goPostgresqlDocker.git/api/account.go:114.49,117.3 2 0
github.com/hhong0326/goPostgresqlDocker.git/api/account.go:125.16,128.3 2 0
github.com/hhong0326/goPostgresqlDocker.git/api/account.go:137.55,140.49 2 0
github.com/hhong0326/goPostgresqlDocker.git/api/account.go:145.2,145.64 1 0
github.com/hhong0326/goPostgresqlDocker.git/api/account.go:154.2,156.4 1 0
github.com/hhong0326/goPostgresqlDocker.git/api/account.go:140.49,143.3 2 0
github.com/hhong0326/goPostgresqlDocker.git/api/account.go:145.64,146.27 1 0
github.com/hhong0326/goPostgresqlDocker.git/api/account.go:150.3,151.9 2 0
github.com/hhong0326/goPostgresqlDocker.git/api/account.go:146.27,149.4 2 0
github.com/hhong0326/goPostgresqlDocker.git/api/middleware.go:19.61,20.32 1 1
github.com/hhong0326/goPostgresqlDocker.git/api/middleware.go:20.32,23.36 2 1
github.com/hhong0326/goPostgresqlDocker.git/api/middleware.go:29.3,30.22 2 1
github.com/hhong0326/goPostgresqlDocker.git/api/middleware.go:36.3,37.51 2 1
github.com/hhong0326/goPostgresqlDocker.git/api/middleware.go:43.3,45.17 3 1
github.com/hhong0326/goPostgresqlDocker.git/api/middleware.go:50.3,51.13 2 1
github.com/hhong0326/goPostgresqlDocker.git/api/middleware.go:23.36,27.4 3 1
github.com/hhong0326/goPostgresqlDocker.git/api/middleware.go:30.22,34.4 3 1
github.com/hhong0326/goPostgresqlDocker.git/api/middleware.go:37.51,41.4 3 1
github.com/hhong0326/goPostgresqlDocker.git/api/middleware.go:45.17,48.4 2 1
github.com/hhong0326/goPostgresqlDocker.git/api/server.go:23.69,26.16 2 1
github.com/hhong0326/goPostgresqlDocker.git/api/server.go:29.2,36.67 2 1
github.com/hhong0326/goPostgresqlDocker.git/api/server.go:40.2,42.20 2 1
github.com/hhong0326/goPostgresqlDocker.git/api/server.go:26.16,28.3 1 0
github.com/hhong0326/goPostgresqlDocker.git/api/server.go:36.67,38.3 1 1
github.com/hhong0326/goPostgresqlDocker.git/api/server.go:45.37,62.2 10 1
github.com/hhong0326/goPostgresqlDocker.git/api/server.go:65.51,68.2 1 0
github.com/hhong0326/goPostgresqlDocker.git/api/server.go:71.37,73.2 1 1
github.com/hhong0326/goPostgresqlDocker.git/api/transfer.go:19.56,23.49 2 0
github.com/hhong0326/goPostgresqlDocker.git/api/transfer.go:28.2,28.64 1 0
github.com/hhong0326/goPostgresqlDocker.git/api/transfer.go:31.2,31.62 1 0
github.com/hhong0326/goPostgresqlDocker.git/api/transfer.go:36.2,43.16 3 0
github.com/hhong0326/goPostgresqlDocker.git/api/transfer.go:47.2,47.33 1 0
github.com/hhong0326/goPostgresqlDocker.git/api/transfer.go:23.49,26.3 2 0
github.com/hhong0326/goPostgresqlDocker.git/api/transfer.go:28.64,30.3 1 0
github.com/hhong0326/goPostgresqlDocker.git/api/transfer.go:31.62,33.3 1 0
github.com/hhong0326/goPostgresqlDocker.git/api/transfer.go:43.16,45.3 1 0
github.com/hhong0326/goPostgresqlDocker.git/api/transfer.go:50.93,53.16 2 0
github.com/hhong0326/goPostgresqlDocker.git/api/transfer.go:62.2,62.34 1 0
github.com/hhong0326/goPostgresqlDocker.git/api/transfer.go:68.2,68.13 1 0
github.com/hhong0326/goPostgresqlDocker.git/api/transfer.go:53.16,54.27 1 0
github.com/hhong0326/goPostgresqlDocker.git/api/transfer.go:58.3,59.15 2 0
github.com/hhong0326/goPostgresqlDocker.git/api/transfer.go:54.27,57.4 2 0
github.com/hhong0326/goPostgresqlDocker.git/api/transfer.go:62.34,66.3 3 0
github.com/hhong0326/goPostgresqlDocker.git/api/user.go:30.49,38.2 1 1
github.com/hhong0326/goPostgresqlDocker.git/api/user.go:40.52,44.49 2 1
github.com/hhong0326/goPostgresqlDocker.git/api/user.go:49.2,50.16 2 1
github.com/hhong0326/goPostgresqlDocker.git/api/user.go:54.2,65.16 3 1
github.com/hhong0326/goPostgresqlDocker.git/api/user.go:77.2,78.30 2 1
github.com/hhong0326/goPostgresqlDocker.git/api/user.go:44.49,47.3 2 1
github.com/hhong0326/goPostgresqlDocker.git/api/user.go:50.16,53.3 2 0
github.com/hhong0326/goPostgresqlDocker.git/api/user.go:65.16,66.39 1 1
github.com/hhong0326/goPostgresqlDocker.git/api/user.go:73.3,74.9 2 1
github.com/hhong0326/goPostgresqlDocker.git/api/user.go:66.39,67.29 1 1
github.com/hhong0326/goPostgresqlDocker.git/api/user.go:68.28,70.11 2 1
github.com/hhong0326/goPostgresqlDocker.git/api/user.go:91.51,94.49 2 0
github.com/hhong0326/goPostgresqlDocker.git/api/user.go:99.2,100.16 2 0
github.com/hhong0326/goPostgresqlDocker.git/api/user.go:109.2,110.16 2 0
github.com/hhong0326/goPostgresqlDocker.git/api/user.go:115.2,119.16 2 0
github.com/hhong0326/goPostgresqlDocker.git/api/user.go:124.2,129.30 2 0
github.com/hhong0326/goPostgresqlDocker.git/api/user.go:94.49,97.3 2 0
github.com/hhong0326/goPostgresqlDocker.git/api/user.go:100.16,101.27 1 0
github.com/hhong0326/goPostgresqlDocker.git/api/user.go:105.3,106.9 2 0
github.com/hhong0326/goPostgresqlDocker.git/api/user.go:101.27,104.4 2 0
github.com/hhong0326/goPostgresqlDocker.git/api/user.go:110.16,113.3 2 0
github.com/hhong0326/goPostgresqlDocker.git/api/user.go:119.16,122.3 2 0
github.com/hhong0326/goPostgresqlDocker.git/db/sqlc/transfers.sql.go:27.99,38.2 4 1
github.com/hhong0326/goPostgresqlDocker.git/db/sqlc/transfers.sql.go:45.80,56.2 4 1
github.com/hhong0326/goPostgresqlDocker.git/db/sqlc/transfers.sql.go:75.99,82.16 2 1
github.com/hhong0326/goPostgresqlDocker.git/db/sqlc/transfers.sql.go:85.2,87.18 3 1
github.com/hhong0326/goPostgresqlDocker.git/db/sqlc/transfers.sql.go:100.2,100.37 1 1
github.com/hhong0326/goPostgresqlDocker.git/db/sqlc/transfers.sql.go:103.2,103.35 1 1
github.com/hhong0326/goPostgresqlDocker.git/db/sqlc/transfers.sql.go:106.2,106.19 1 1
github.com/hhong0326/goPostgresqlDocker.git/db/sqlc/transfers.sql.go:82.16,84.3 1 0
github.com/hhong0326/goPostgresqlDocker.git/db/sqlc/transfers.sql.go:87.18,95.17 2 1
github.com/hhong0326/goPostgresqlDocker.git/db/sqlc/transfers.sql.go:98.3,98.27 1 1
github.com/hhong0326/goPostgresqlDocker.git/db/sqlc/transfers.sql.go:95.17,97.4 1 0
github.com/hhong0326/goPostgresqlDocker.git/db/sqlc/transfers.sql.go:100.37,102.3 1 0
github.com/hhong0326/goPostgresqlDocker.git/db/sqlc/transfers.sql.go:103.35,105.3 1 0
github.com/hhong0326/goPostgresqlDocker.git/db/sqlc/users.sql.go:29.87,46.2 4 1
github.com/hhong0326/goPostgresqlDocker.git/db/sqlc/users.sql.go:53.79,65.2 4 1
github.com/hhong0326/goPostgresqlDocker.git/db/sqlc/account.sql.go:22.104,33.2 4 1
github.com/hhong0326/goPostgresqlDocker.git/db/sqlc/account.sql.go:52.96,63.2 4 1
github.com/hhong0326/goPostgresqlDocker.git/db/sqlc/account.sql.go:70.70,73.2 2 1
github.com/hhong0326/goPostgresqlDocker.git/db/sqlc/account.sql.go:80.78,91.2 4 1
github.com/hhong0326/goPostgresqlDocker.git/db/sqlc/account.sql.go:99.87,110.2 4 0
github.com/hhong0326/goPostgresqlDocker.git/db/sqlc/account.sql.go:124.96,126.16 2 1
github.com/hhong0326/goPostgresqlDocker.git/db/sqlc/account.sql.go:129.2,131.18 3 1
github.com/hhong0326/goPostgresqlDocker.git/db/sqlc/account.sql.go:144.2,144.37 1 1
github.com/hhong0326/goPostgresqlDocker.git/db/sqlc/account.sql.go:147.2,147.35 1 1
github.com/hhong0326/goPostgresqlDocker.git/db/sqlc/account.sql.go:150.2,150.19 1 1
github.com/hhong0326/goPostgresqlDocker.git/db/sqlc/account.sql.go:126.16,128.3 1 0
github.com/hhong0326/goPostgresqlDocker.git/db/sqlc/account.sql.go:131.18,139.17 2 1
github.com/hhong0326/goPostgresqlDocker.git/db/sqlc/account.sql.go:142.3,142.27 1 1
github.com/hhong0326/goPostgresqlDocker.git/db/sqlc/account.sql.go:139.17,141.4 1 0
github.com/hhong0326/goPostgresqlDocker.git/db/sqlc/account.sql.go:144.37,146.3 1 0
github.com/hhong0326/goPostgresqlDocker.git/db/sqlc/account.sql.go:147.35,149.3 1 0
github.com/hhong0326/goPostgresqlDocker.git/db/sqlc/account.sql.go:165.96,176.2 4 1
github.com/hhong0326/goPostgresqlDocker.git/db/sqlc/db.go:17.28,19.2 1 1
github.com/hhong0326/goPostgresqlDocker.git/db/sqlc/db.go:25.47,29.2 1 0
github.com/hhong0326/goPostgresqlDocker.git/db/sqlc/entries.sql.go:25.90,35.2 4 1
github.com/hhong0326/goPostgresqlDocker.git/db/sqlc/entries.sql.go:42.74,52.2 4 1
github.com/hhong0326/goPostgresqlDocker.git/db/sqlc/entries.sql.go:68.92,70.16 2 1
github.com/hhong0326/goPostgresqlDocker.git/db/sqlc/entries.sql.go:73.2,75.18 3 1
github.com/hhong0326/goPostgresqlDocker.git/db/sqlc/entries.sql.go:87.2,87.37 1 1
github.com/hhong0326/goPostgresqlDocker.git/db/sqlc/entries.sql.go:90.2,90.35 1 1
github.com/hhong0326/goPostgresqlDocker.git/db/sqlc/entries.sql.go:93.2,93.19 1 1
github.com/hhong0326/goPostgresqlDocker.git/db/sqlc/entries.sql.go:70.16,72.3 1 0
github.com/hhong0326/goPostgresqlDocker.git/db/sqlc/entries.sql.go:75.18,82.17 2 1
github.com/hhong0326/goPostgresqlDocker.git/db/sqlc/entries.sql.go:85.3,85.27 1 1
github.com/hhong0326/goPostgresqlDocker.git/db/sqlc/entries.sql.go:82.17,84.4 1 0
github.com/hhong0326/goPostgresqlDocker.git/db/sqlc/entries.sql.go:87.37,89.3 1 0
github.com/hhong0326/goPostgresqlDocker.git/db/sqlc/entries.sql.go:90.35,92.3 1 0
github.com/hhong0326/goPostgresqlDocker.git/db/sqlc/store.go:22.33,27.2 1 1
github.com/hhong0326/goPostgresqlDocker.git/db/sqlc/store.go:30.83,34.16 2 1
github.com/hhong0326/goPostgresqlDocker.git/db/sqlc/store.go:38.2,40.16 3 1
github.com/hhong0326/goPostgresqlDocker.git/db/sqlc/store.go:47.2,47.20 1 1
github.com/hhong0326/goPostgresqlDocker.git/db/sqlc/store.go:34.16,36.3 1 0
github.com/hhong0326/goPostgresqlDocker.git/db/sqlc/store.go:40.16,42.43 1 0
github.com/hhong0326/goPostgresqlDocker.git/db/sqlc/store.go:45.3,45.13 1 0
github.com/hhong0326/goPostgresqlDocker.git/db/sqlc/store.go:42.43,44.4 1 0
github.com/hhong0326/goPostgresqlDocker.git/db/sqlc/store.go:70.104,74.50 2 1
github.com/hhong0326/goPostgresqlDocker.git/db/sqlc/store.go:145.2,145.20 1 1
github.com/hhong0326/goPostgresqlDocker.git/db/sqlc/store.go:74.50,84.17 3 1
github.com/hhong0326/goPostgresqlDocker.git/db/sqlc/store.go:89.3,93.17 2 1
github.com/hhong0326/goPostgresqlDocker.git/db/sqlc/store.go:97.3,101.17 2 1
github.com/hhong0326/goPostgresqlDocker.git/db/sqlc/store.go:106.3,106.42 1 1
github.com/hhong0326/goPostgresqlDocker.git/db/sqlc/store.go:142.3,142.13 1 1
github.com/hhong0326/goPostgresqlDocker.git/db/sqlc/store.go:84.17,86.4 1 0
github.com/hhong0326/goPostgresqlDocker.git/db/sqlc/store.go:93.17,95.4 1 0
github.com/hhong0326/goPostgresqlDocker.git/db/sqlc/store.go:101.17,103.4 1 0
github.com/hhong0326/goPostgresqlDocker.git/db/sqlc/store.go:106.42,137.4 1 1
github.com/hhong0326/goPostgresqlDocker.git/db/sqlc/store.go:137.9,140.4 1 1
github.com/hhong0326/goPostgresqlDocker.git/db/sqlc/store.go:148.136,153.16 2 1
github.com/hhong0326/goPostgresqlDocker.git/db/sqlc/store.go:157.2,161.16 2 1
github.com/hhong0326/goPostgresqlDocker.git/db/sqlc/store.go:165.2,165.8 1 1
github.com/hhong0326/goPostgresqlDocker.git/db/sqlc/store.go:153.16,155.3 1 0
github.com/hhong0326/goPostgresqlDocker.git/db/sqlc/store.go:161.16,163.3 1 0
